[0.012s] Invoking command in '/home/jaeik/ros2_ws/src/cpp_pub/build/cpp_pub': CMAKE_PREFIX_PATH=${CMAKE_PREFIX_PATH}:/opt/ros/humble /usr/bin/cmake /home/jaeik/ros2_ws/src/cpp_pub -DCMAKE_INSTALL_PREFIX=/home/jaeik/ros2_ws/src/cpp_pub/install/cpp_pub
[0.189s] -- The C compiler identification is GNU 11.4.0
[0.251s] -- The CXX compiler identification is GNU 11.4.0
[0.262s] -- Detecting C compiler ABI info
[0.329s] -- Detecting C compiler ABI info - done
[0.336s] -- Check for working C compiler: /usr/bin/cc - skipped
[0.337s] -- Detecting C compile features
[0.338s] -- Detecting C compile features - done
[0.342s] -- Detecting CXX compiler ABI info
[0.416s] -- Detecting CXX compiler ABI info - done
[0.423s] -- Check for working CXX compiler: /usr/bin/c++ - skipped
[0.423s] -- Detecting CXX compile features
[0.423s] -- Detecting CXX compile features - done
[0.426s] -- Found ament_cmake: 1.3.11 (/opt/ros/humble/share/ament_cmake/cmake)
[0.564s] -- Found Python3: /usr/bin/python3 (found version "3.10.12") found components: Interpreter 
[0.645s] -- Found rclcpp: 16.0.12 (/opt/ros/humble/share/rclcpp/cmake)
[0.689s] -- Found rosidl_generator_c: 3.1.6 (/opt/ros/humble/share/rosidl_generator_c/cmake)
[0.694s] -- Found rosidl_adapter: 3.1.6 (/opt/ros/humble/share/rosidl_adapter/cmake)
[0.702s] -- Found rosidl_generator_cpp: 3.1.6 (/opt/ros/humble/share/rosidl_generator_cpp/cmake)
[0.714s] -- Using all available rosidl_typesupport_c: rosidl_typesupport_fastrtps_c;rosidl_typesupport_introspection_c
[0.729s] -- Using all available rosidl_typesupport_cpp: rosidl_typesupport_fastrtps_cpp;rosidl_typesupport_introspection_cpp
[0.765s] -- Found rmw_implementation_cmake: 6.1.2 (/opt/ros/humble/share/rmw_implementation_cmake/cmake)
[0.767s] -- Found rmw_fastrtps_cpp: 6.2.7 (/opt/ros/humble/share/rmw_fastrtps_cpp/cmake)
[0.849s] -- Found OpenSSL: /usr/lib/x86_64-linux-gnu/libcrypto.so (found version "3.0.2")  
[0.867s] -- Found FastRTPS: /opt/ros/humble/include  
[0.897s] -- Using RMW implementation 'rmw_fastrtps_cpp' as default
[0.905s] -- Looking for pthread.h
[0.972s] -- Looking for pthread.h - found
[0.972s] -- Performing Test CMAKE_HAVE_LIBC_PTHREAD
[1.048s] -- Performing Test CMAKE_HAVE_LIBC_PTHREAD - Success
[1.049s] -- Found Threads: TRUE  
[1.099s] -- Found ament_lint_auto: 0.12.12 (/opt/ros/humble/share/ament_lint_auto/cmake)
[1.175s] -- Added test 'cppcheck' to perform static code analysis on C / C++ code
[1.175s] -- Configured cppcheck include dirs: 
[1.175s] -- Configured cppcheck exclude dirs and/or files: 
[1.177s] -- Added test 'lint_cmake' to check CMake code style
[1.182s] -- Added test 'uncrustify' to check C / C++ code style
[1.182s] -- Configured uncrustify additional arguments: 
[1.183s] -- Added test 'xmllint' to check XML markup files
[1.186s] -- Configuring done
[1.196s] -- Generating done
[1.201s] -- Build files have been written to: /home/jaeik/ros2_ws/src/cpp_pub/build/cpp_pub
[1.210s] Invoked command in '/home/jaeik/ros2_ws/src/cpp_pub/build/cpp_pub' returned '0': CMAKE_PREFIX_PATH=${CMAKE_PREFIX_PATH}:/opt/ros/humble /usr/bin/cmake /home/jaeik/ros2_ws/src/cpp_pub -DCMAKE_INSTALL_PREFIX=/home/jaeik/ros2_ws/src/cpp_pub/install/cpp_pub
[1.214s] Invoking command in '/home/jaeik/ros2_ws/src/cpp_pub/build/cpp_pub': CMAKE_PREFIX_PATH=${CMAKE_PREFIX_PATH}:/opt/ros/humble /usr/bin/cmake --build /home/jaeik/ros2_ws/src/cpp_pub/build/cpp_pub -- -j8 -l8
[1.251s] [ 50%] [32mBuilding CXX object CMakeFiles/subscriber.dir/src/subscriber.cpp.o[0m
[1.251s] [ 50%] [32mBuilding CXX object CMakeFiles/publisher.dir/src/publisher.cpp.o[0m
[6.767s] [ 75%] [32m[1mLinking CXX executable publisher[0m
[6.986s] [ 75%] Built target publisher
[10.646s] [100%] [32m[1mLinking CXX executable subscriber[0m
[11.018s] [100%] Built target subscriber
[11.031s] Invoked command in '/home/jaeik/ros2_ws/src/cpp_pub/build/cpp_pub' returned '0': CMAKE_PREFIX_PATH=${CMAKE_PREFIX_PATH}:/opt/ros/humble /usr/bin/cmake --build /home/jaeik/ros2_ws/src/cpp_pub/build/cpp_pub -- -j8 -l8
[11.041s] Invoking command in '/home/jaeik/ros2_ws/src/cpp_pub/build/cpp_pub': CMAKE_PREFIX_PATH=${CMAKE_PREFIX_PATH}:/opt/ros/humble /usr/bin/cmake --install /home/jaeik/ros2_ws/src/cpp_pub/build/cpp_pub
[11.047s] -- Install configuration: ""
[11.047s] -- Installing: /home/jaeik/ros2_ws/src/cpp_pub/install/cpp_pub/share/ament_index/resource_index/package_run_dependencies/cpp_pub
[11.047s] -- Installing: /home/jaeik/ros2_ws/src/cpp_pub/install/cpp_pub/share/ament_index/resource_index/parent_prefix_path/cpp_pub
[11.048s] -- Installing: /home/jaeik/ros2_ws/src/cpp_pub/install/cpp_pub/share/cpp_pub/environment/ament_prefix_path.sh
[11.048s] -- Installing: /home/jaeik/ros2_ws/src/cpp_pub/install/cpp_pub/share/cpp_pub/environment/ament_prefix_path.dsv
[11.048s] -- Installing: /home/jaeik/ros2_ws/src/cpp_pub/install/cpp_pub/share/cpp_pub/environment/path.sh
[11.048s] -- Installing: /home/jaeik/ros2_ws/src/cpp_pub/install/cpp_pub/share/cpp_pub/environment/path.dsv
[11.049s] -- Installing: /home/jaeik/ros2_ws/src/cpp_pub/install/cpp_pub/share/cpp_pub/local_setup.bash
[11.049s] -- Installing: /home/jaeik/ros2_ws/src/cpp_pub/install/cpp_pub/share/cpp_pub/local_setup.sh
[11.049s] -- Installing: /home/jaeik/ros2_ws/src/cpp_pub/install/cpp_pub/share/cpp_pub/local_setup.zsh
[11.049s] -- Installing: /home/jaeik/ros2_ws/src/cpp_pub/install/cpp_pub/share/cpp_pub/local_setup.dsv
[11.049s] -- Installing: /home/jaeik/ros2_ws/src/cpp_pub/install/cpp_pub/share/cpp_pub/package.dsv
[11.050s] -- Installing: /home/jaeik/ros2_ws/src/cpp_pub/install/cpp_pub/share/ament_index/resource_index/packages/cpp_pub
[11.050s] -- Installing: /home/jaeik/ros2_ws/src/cpp_pub/install/cpp_pub/share/cpp_pub/cmake/cpp_pubConfig.cmake
[11.050s] -- Installing: /home/jaeik/ros2_ws/src/cpp_pub/install/cpp_pub/share/cpp_pub/cmake/cpp_pubConfig-version.cmake
[11.050s] -- Installing: /home/jaeik/ros2_ws/src/cpp_pub/install/cpp_pub/share/cpp_pub/package.xml
[11.050s] -- Installing: /home/jaeik/ros2_ws/src/cpp_pub/install/cpp_pub/lib/cpp_pub/publisher
[11.052s] -- Set runtime path of "/home/jaeik/ros2_ws/src/cpp_pub/install/cpp_pub/lib/cpp_pub/publisher" to ""
[11.052s] -- Up-to-date: /home/jaeik/ros2_ws/src/cpp_pub/install/cpp_pub/lib/cpp_pub/publisher
[11.052s] -- Installing: /home/jaeik/ros2_ws/src/cpp_pub/install/cpp_pub/lib/cpp_pub/subscriber
[11.055s] -- Set runtime path of "/home/jaeik/ros2_ws/src/cpp_pub/install/cpp_pub/lib/cpp_pub/subscriber" to ""
[11.056s] Invoked command in '/home/jaeik/ros2_ws/src/cpp_pub/build/cpp_pub' returned '0': CMAKE_PREFIX_PATH=${CMAKE_PREFIX_PATH}:/opt/ros/humble /usr/bin/cmake --install /home/jaeik/ros2_ws/src/cpp_pub/build/cpp_pub
