[0.087s] DEBUG:colcon:Command line arguments: ['/usr/bin/colcon', 'build']
[0.087s] DEBUG:colcon:Parsed command line arguments: Namespace(log_base=None, log_level=None, verb_name='build', build_base='build', install_base='install', merge_install=False, symlink_install=False, test_result_base=None, continue_on_error=False, executor='parallel', parallel_workers=8, event_handlers=None, ignore_user_meta=False, metas=['./colcon.meta'], base_paths=['.'], packages_ignore=None, packages_ignore_regex=None, paths=None, packages_up_to=None, packages_up_to_regex=None, packages_above=None, packages_above_and_dependencies=None, packages_above_depth=None, packages_select_by_dep=None, packages_skip_by_dep=None, packages_skip_up_to=None, packages_select_build_failed=False, packages_skip_build_finished=False, packages_select_test_failures=False, packages_skip_test_passed=False, packages_select=None, packages_skip=None, packages_select_regex=None, packages_skip_regex=None, packages_start=None, packages_end=None, allow_overriding=[], cmake_args=None, cmake_target=None, cmake_target_skip_unavailable=False, cmake_clean_cache=False, cmake_clean_first=False, cmake_force_configure=False, ament_cmake_args=None, catkin_cmake_args=None, catkin_skip_building_tests=False, verb_parser=<colcon_defaults.argument_parser.defaults.DefaultArgumentsDecorator object at 0x7f901606ad70>, verb_extension=<colcon_core.verb.build.BuildVerb object at 0x7f9016069f30>, main=<bound method BuildVerb.main of <colcon_core.verb.build.BuildVerb object at 0x7f9016069f30>>)
[0.218s] Level 1:colcon.colcon_core.package_discovery:discover_packages(colcon_meta) check parameters
[0.218s] Level 1:colcon.colcon_core.package_discovery:discover_packages(recursive) check parameters
[0.218s] Level 1:colcon.colcon_core.package_discovery:discover_packages(ignore) check parameters
[0.218s] Level 1:colcon.colcon_core.package_discovery:discover_packages(path) check parameters
[0.218s] Level 1:colcon.colcon_core.package_discovery:discover_packages(colcon_meta) discover
[0.218s] Level 1:colcon.colcon_core.package_discovery:discover_packages(recursive) discover
[0.218s] INFO:colcon.colcon_core.package_discovery:Crawling recursively for packages in '/home/jaeik/ros2_ws/src/cpp_pub'
[0.219s] Level 1:colcon.colcon_core.package_identification:_identify(.) by extensions ['ignore', 'ignore_ament_install']
[0.219s] Level 1:colcon.colcon_core.package_identification:_identify(.) by extension 'ignore'
[0.219s] Level 1:colcon.colcon_core.package_identification:_identify(.) by extension 'ignore_ament_install'
[0.219s] Level 1:colcon.colcon_core.package_identification:_identify(.) by extensions ['colcon_pkg']
[0.219s] Level 1:colcon.colcon_core.package_identification:_identify(.) by extension 'colcon_pkg'
[0.219s] Level 1:colcon.colcon_core.package_identification:_identify(.) by extensions ['colcon_meta']
[0.219s] Level 1:colcon.colcon_core.package_identification:_identify(.) by extension 'colcon_meta'
[0.219s] Level 1:colcon.colcon_core.package_identification:_identify(.) by extensions ['ros']
[0.219s] Level 1:colcon.colcon_core.package_identification:_identify(.) by extension 'ros'
[0.231s] DEBUG:colcon.colcon_core.package_identification:Package '.' with type 'ros.ament_cmake' and name 'cpp_pub'
[0.231s] Level 1:colcon.colcon_core.package_discovery:discover_packages(recursive) using defaults
[0.231s] Level 1:colcon.colcon_core.package_discovery:discover_packages(ignore) discover
[0.231s] Level 1:colcon.colcon_core.package_discovery:discover_packages(ignore) using defaults
[0.231s] Level 1:colcon.colcon_core.package_discovery:discover_packages(path) discover
[0.232s] Level 1:colcon.colcon_core.package_discovery:discover_packages(path) using defaults
[0.248s] Level 1:colcon.colcon_core.package_discovery:discover_packages(prefix_path) check parameters
[0.248s] Level 1:colcon.colcon_core.package_discovery:discover_packages(prefix_path) discover
[0.249s] DEBUG:colcon.colcon_installed_package_information.package_discovery:Found 1 installed packages in /home/jaeik/ros2_ws/install
[0.250s] DEBUG:colcon.colcon_installed_package_information.package_discovery:Found 271 installed packages in /opt/ros/humble
[0.252s] Level 1:colcon.colcon_core.package_discovery:discover_packages(prefix_path) using defaults
[0.291s] Level 5:colcon.colcon_core.verb:set package 'cpp_pub' build argument 'cmake_args' from command line to 'None'
[0.291s] Level 5:colcon.colcon_core.verb:set package 'cpp_pub' build argument 'cmake_target' from command line to 'None'
[0.291s] Level 5:colcon.colcon_core.verb:set package 'cpp_pub' build argument 'cmake_target_skip_unavailable' from command line to 'False'
[0.291s] Level 5:colcon.colcon_core.verb:set package 'cpp_pub' build argument 'cmake_clean_cache' from command line to 'False'
[0.292s] Level 5:colcon.colcon_core.verb:set package 'cpp_pub' build argument 'cmake_clean_first' from command line to 'False'
[0.292s] Level 5:colcon.colcon_core.verb:set package 'cpp_pub' build argument 'cmake_force_configure' from command line to 'False'
[0.292s] Level 5:colcon.colcon_core.verb:set package 'cpp_pub' build argument 'ament_cmake_args' from command line to 'None'
[0.292s] Level 5:colcon.colcon_core.verb:set package 'cpp_pub' build argument 'catkin_cmake_args' from command line to 'None'
[0.292s] Level 5:colcon.colcon_core.verb:set package 'cpp_pub' build argument 'catkin_skip_building_tests' from command line to 'False'
[0.292s] DEBUG:colcon.colcon_core.verb:Building package 'cpp_pub' with the following arguments: {'ament_cmake_args': None, 'build_base': '/home/jaeik/ros2_ws/src/cpp_pub/build/cpp_pub', 'catkin_cmake_args': None, 'catkin_skip_building_tests': False, 'cmake_args': None, 'cmake_clean_cache': False, 'cmake_clean_first': False, 'cmake_force_configure': False, 'cmake_target': None, 'cmake_target_skip_unavailable': False, 'install_base': '/home/jaeik/ros2_ws/src/cpp_pub/install/cpp_pub', 'merge_install': False, 'path': '/home/jaeik/ros2_ws/src/cpp_pub', 'symlink_install': False, 'test_result_base': None}
[0.292s] INFO:colcon.colcon_core.executor:Executing jobs using 'parallel' executor
[0.294s] DEBUG:colcon.colcon_parallel_executor.executor.parallel:run_until_complete
[0.294s] INFO:colcon.colcon_ros.task.ament_cmake.build:Building ROS package in '/home/jaeik/ros2_ws/src/cpp_pub' with build type 'ament_cmake'
[0.294s] INFO:colcon.colcon_cmake.task.cmake.build:Building CMake package in '/home/jaeik/ros2_ws/src/cpp_pub'
[0.296s] INFO:colcon.colcon_core.plugin_system:Skipping extension 'colcon_core.shell.bat': Not used on non-Windows systems
[0.297s] INFO:colcon.colcon_core.shell:Skip shell extension 'powershell' for command environment: Not usable outside of PowerShell
[0.297s] DEBUG:colcon.colcon_core.shell:Skip shell extension 'dsv' for command environment
[0.308s] DEBUG:colcon.colcon_core.event_handler.log_command:Invoking command in '/home/jaeik/ros2_ws/src/cpp_pub/build/cpp_pub': CMAKE_PREFIX_PATH=${CMAKE_PREFIX_PATH}:/opt/ros/humble /usr/bin/cmake /home/jaeik/ros2_ws/src/cpp_pub -DCMAKE_INSTALL_PREFIX=/home/jaeik/ros2_ws/src/cpp_pub/install/cpp_pub
[1.505s] DEBUG:colcon.colcon_core.event_handler.log_command:Invoked command in '/home/jaeik/ros2_ws/src/cpp_pub/build/cpp_pub' returned '0': CMAKE_PREFIX_PATH=${CMAKE_PREFIX_PATH}:/opt/ros/humble /usr/bin/cmake /home/jaeik/ros2_ws/src/cpp_pub -DCMAKE_INSTALL_PREFIX=/home/jaeik/ros2_ws/src/cpp_pub/install/cpp_pub
[1.509s] DEBUG:colcon.colcon_core.event_handler.log_command:Invoking command in '/home/jaeik/ros2_ws/src/cpp_pub/build/cpp_pub': CMAKE_PREFIX_PATH=${CMAKE_PREFIX_PATH}:/opt/ros/humble /usr/bin/cmake --build /home/jaeik/ros2_ws/src/cpp_pub/build/cpp_pub -- -j8 -l8
[11.326s] DEBUG:colcon.colcon_core.event_handler.log_command:Invoked command in '/home/jaeik/ros2_ws/src/cpp_pub/build/cpp_pub' returned '0': CMAKE_PREFIX_PATH=${CMAKE_PREFIX_PATH}:/opt/ros/humble /usr/bin/cmake --build /home/jaeik/ros2_ws/src/cpp_pub/build/cpp_pub -- -j8 -l8
[11.336s] DEBUG:colcon.colcon_core.event_handler.log_command:Invoking command in '/home/jaeik/ros2_ws/src/cpp_pub/build/cpp_pub': CMAKE_PREFIX_PATH=${CMAKE_PREFIX_PATH}:/opt/ros/humble /usr/bin/cmake --install /home/jaeik/ros2_ws/src/cpp_pub/build/cpp_pub
[11.351s] Level 1:colcon.colcon_core.environment:create_environment_scripts_only(cpp_pub)
[11.351s] DEBUG:colcon.colcon_core.event_handler.log_command:Invoked command in '/home/jaeik/ros2_ws/src/cpp_pub/build/cpp_pub' returned '0': CMAKE_PREFIX_PATH=${CMAKE_PREFIX_PATH}:/opt/ros/humble /usr/bin/cmake --install /home/jaeik/ros2_ws/src/cpp_pub/build/cpp_pub
[11.354s] Level 1:colcon.colcon_core.environment:checking '/home/jaeik/ros2_ws/src/cpp_pub/install/cpp_pub' for CMake module files
[11.355s] Level 1:colcon.colcon_core.environment:checking '/home/jaeik/ros2_ws/src/cpp_pub/install/cpp_pub' for CMake config files
[11.355s] Level 1:colcon.colcon_core.shell:create_environment_hook('cpp_pub', 'cmake_prefix_path')
[11.356s] INFO:colcon.colcon_core.shell:Creating environment hook '/home/jaeik/ros2_ws/src/cpp_pub/install/cpp_pub/share/cpp_pub/hook/cmake_prefix_path.ps1'
[11.356s] INFO:colcon.colcon_core.shell:Creating environment descriptor '/home/jaeik/ros2_ws/src/cpp_pub/install/cpp_pub/share/cpp_pub/hook/cmake_prefix_path.dsv'
[11.357s] INFO:colcon.colcon_core.shell:Creating environment hook '/home/jaeik/ros2_ws/src/cpp_pub/install/cpp_pub/share/cpp_pub/hook/cmake_prefix_path.sh'
[11.357s] Level 1:colcon.colcon_core.environment:checking '/home/jaeik/ros2_ws/src/cpp_pub/install/cpp_pub/lib'
[11.357s] Level 1:colcon.colcon_core.environment:checking '/home/jaeik/ros2_ws/src/cpp_pub/install/cpp_pub/bin'
[11.357s] Level 1:colcon.colcon_core.environment:checking '/home/jaeik/ros2_ws/src/cpp_pub/install/cpp_pub/lib/pkgconfig/cpp_pub.pc'
[11.358s] Level 1:colcon.colcon_core.environment:checking '/home/jaeik/ros2_ws/src/cpp_pub/install/cpp_pub/lib/python3.10/site-packages'
[11.358s] Level 1:colcon.colcon_core.environment:checking '/home/jaeik/ros2_ws/src/cpp_pub/install/cpp_pub/bin'
[11.358s] INFO:colcon.colcon_core.shell:Creating package script '/home/jaeik/ros2_ws/src/cpp_pub/install/cpp_pub/share/cpp_pub/package.ps1'
[11.359s] INFO:colcon.colcon_core.shell:Creating package descriptor '/home/jaeik/ros2_ws/src/cpp_pub/install/cpp_pub/share/cpp_pub/package.dsv'
[11.359s] INFO:colcon.colcon_core.shell:Creating package script '/home/jaeik/ros2_ws/src/cpp_pub/install/cpp_pub/share/cpp_pub/package.sh'
[11.360s] INFO:colcon.colcon_core.shell:Creating package script '/home/jaeik/ros2_ws/src/cpp_pub/install/cpp_pub/share/cpp_pub/package.bash'
[11.361s] INFO:colcon.colcon_core.shell:Creating package script '/home/jaeik/ros2_ws/src/cpp_pub/install/cpp_pub/share/cpp_pub/package.zsh'
[11.361s] Level 1:colcon.colcon_core.environment:create_file_with_runtime_dependencies(/home/jaeik/ros2_ws/src/cpp_pub/install/cpp_pub/share/colcon-core/packages/cpp_pub)
[11.362s] Level 1:colcon.colcon_core.environment:create_environment_scripts_only(cpp_pub)
[11.362s] Level 1:colcon.colcon_core.environment:checking '/home/jaeik/ros2_ws/src/cpp_pub/install/cpp_pub' for CMake module files
[11.362s] Level 1:colcon.colcon_core.environment:checking '/home/jaeik/ros2_ws/src/cpp_pub/install/cpp_pub' for CMake config files
[11.362s] Level 1:colcon.colcon_core.shell:create_environment_hook('cpp_pub', 'cmake_prefix_path')
[11.362s] INFO:colcon.colcon_core.shell:Creating environment hook '/home/jaeik/ros2_ws/src/cpp_pub/install/cpp_pub/share/cpp_pub/hook/cmake_prefix_path.ps1'
[11.363s] INFO:colcon.colcon_core.shell:Creating environment descriptor '/home/jaeik/ros2_ws/src/cpp_pub/install/cpp_pub/share/cpp_pub/hook/cmake_prefix_path.dsv'
[11.363s] INFO:colcon.colcon_core.shell:Creating environment hook '/home/jaeik/ros2_ws/src/cpp_pub/install/cpp_pub/share/cpp_pub/hook/cmake_prefix_path.sh'
[11.363s] Level 1:colcon.colcon_core.environment:checking '/home/jaeik/ros2_ws/src/cpp_pub/install/cpp_pub/lib'
[11.363s] Level 1:colcon.colcon_core.environment:checking '/home/jaeik/ros2_ws/src/cpp_pub/install/cpp_pub/bin'
[11.364s] Level 1:colcon.colcon_core.environment:checking '/home/jaeik/ros2_ws/src/cpp_pub/install/cpp_pub/lib/pkgconfig/cpp_pub.pc'
[11.364s] Level 1:colcon.colcon_core.environment:checking '/home/jaeik/ros2_ws/src/cpp_pub/install/cpp_pub/lib/python3.10/site-packages'
[11.364s] Level 1:colcon.colcon_core.environment:checking '/home/jaeik/ros2_ws/src/cpp_pub/install/cpp_pub/bin'
[11.364s] INFO:colcon.colcon_core.shell:Creating package script '/home/jaeik/ros2_ws/src/cpp_pub/install/cpp_pub/share/cpp_pub/package.ps1'
[11.365s] INFO:colcon.colcon_core.shell:Creating package descriptor '/home/jaeik/ros2_ws/src/cpp_pub/install/cpp_pub/share/cpp_pub/package.dsv'
[11.366s] INFO:colcon.colcon_core.shell:Creating package script '/home/jaeik/ros2_ws/src/cpp_pub/install/cpp_pub/share/cpp_pub/package.sh'
[11.366s] INFO:colcon.colcon_core.shell:Creating package script '/home/jaeik/ros2_ws/src/cpp_pub/install/cpp_pub/share/cpp_pub/package.bash'
[11.367s] INFO:colcon.colcon_core.shell:Creating package script '/home/jaeik/ros2_ws/src/cpp_pub/install/cpp_pub/share/cpp_pub/package.zsh'
[11.367s] Level 1:colcon.colcon_core.environment:create_file_with_runtime_dependencies(/home/jaeik/ros2_ws/src/cpp_pub/install/cpp_pub/share/colcon-core/packages/cpp_pub)
[11.367s] DEBUG:colcon.colcon_parallel_executor.executor.parallel:closing loop
[11.368s] DEBUG:colcon.colcon_parallel_executor.executor.parallel:loop closed
[11.368s] DEBUG:colcon.colcon_parallel_executor.executor.parallel:run_until_complete finished with '0'
[11.368s] DEBUG:colcon.colcon_core.event_reactor:joining thread
[11.373s] INFO:colcon.colcon_core.plugin_system:Skipping extension 'colcon_notification.desktop_notification.notify_send': Could not find 'notify-send'
[11.374s] INFO:colcon.colcon_core.plugin_system:Skipping extension 'colcon_notification.desktop_notification.terminal_notifier': Not used on non-Darwin systems
[11.374s] INFO:colcon.colcon_core.plugin_system:Skipping extension 'colcon_notification.desktop_notification.win32': Not used on non-Windows systems
[11.374s] INFO:colcon.colcon_notification.desktop_notification:Sending desktop notification using 'notify2'
[11.374s] DEBUG:colcon.colcon_notification.desktop_notification.notify2:Failed to initialize notify2: org.freedesktop.DBus.Error.NotSupported: Unable to autolaunch a dbus-daemon without a $DISPLAY for X11
[11.374s] DEBUG:colcon.colcon_core.event_reactor:joined thread
[11.375s] INFO:colcon.colcon_core.shell:Creating prefix script '/home/jaeik/ros2_ws/src/cpp_pub/install/local_setup.ps1'
[11.376s] INFO:colcon.colcon_core.shell:Creating prefix util module '/home/jaeik/ros2_ws/src/cpp_pub/install/_local_setup_util_ps1.py'
[11.377s] INFO:colcon.colcon_core.shell:Creating prefix chain script '/home/jaeik/ros2_ws/src/cpp_pub/install/setup.ps1'
[11.378s] INFO:colcon.colcon_core.shell:Creating prefix script '/home/jaeik/ros2_ws/src/cpp_pub/install/local_setup.sh'
[11.378s] INFO:colcon.colcon_core.shell:Creating prefix util module '/home/jaeik/ros2_ws/src/cpp_pub/install/_local_setup_util_sh.py'
[11.379s] INFO:colcon.colcon_core.shell:Creating prefix chain script '/home/jaeik/ros2_ws/src/cpp_pub/install/setup.sh'
[11.380s] INFO:colcon.colcon_core.shell:Creating prefix script '/home/jaeik/ros2_ws/src/cpp_pub/install/local_setup.bash'
[11.380s] INFO:colcon.colcon_core.shell:Creating prefix chain script '/home/jaeik/ros2_ws/src/cpp_pub/install/setup.bash'
[11.381s] INFO:colcon.colcon_core.shell:Creating prefix script '/home/jaeik/ros2_ws/src/cpp_pub/install/local_setup.zsh'
[11.381s] INFO:colcon.colcon_core.shell:Creating prefix chain script '/home/jaeik/ros2_ws/src/cpp_pub/install/setup.zsh'
